<?xml version="1.0" encoding="UTF-8"?>
<testsuite xmlns:xsi="http://www.w3.org/2001/XMLSchema-instance" xsi:noNamespaceSchemaLocation="https://maven.apache.org/surefire/maven-surefire-plugin/xsd/surefire-test-report.xsd" version="3.0.2" name="org.example.testRunner.runners" time="116.902" tests="3" errors="0" skipped="0" failures="0">
  <properties>
[...]
</properties>
  <testcase name="runScenario[&quot;user can sign up using valid email and password&quot;, &quot;Sign Up - testing that users can sign up successfully&quot;](1)" classname="org.example.testRunner.runners" time="35.744">
    <system-out><![CDATA[
@regression @smoke
Scenario: user can sign up using valid email and password &amp#27;[90m# src/main/resources/features/F01_signUp.feature:9&amp#27;[0m
  &amp#27;[32mGiven &amp#27;[0m&amp#27;[32muser clicks sign up button in header&amp#27;[0m              &amp#27;[90m# org.example.stepDefs.D01_signUp.userOpenSignUpPage()&amp#27;[0m
  &amp#27;[32mWhen &amp#27;[0m&amp#27;[32muser fills in username &amp#27;[0m&amp#27;[32m&amp#27;[1m"alaa.wali7"&amp#27;[0m                &amp#27;[90m# org.example.stepDefs.D01_signUp.userFillsInUsername(java.lang.String)&amp#27;[0m
  &amp#27;[32mAnd &amp#27;[0m&amp#27;[32muser fills in password &amp#27;[0m&amp#27;[32m&amp#27;[1m"P@ssword123"&amp#27;[0m                &amp#27;[90m# org.example.stepDefs.D01_signUp.userFillsInPassword(java.lang.String)&amp#27;[0m
  &amp#27;[32mAnd &amp#27;[0m&amp#27;[32muser clicks on sign up button&amp#27;[0m                       &amp#27;[90m# org.example.stepDefs.D01_signUp.userClicksOnSignUpButton()&amp#27;[0m
  &amp#27;[32mThen &amp#27;[0m&amp#27;[32msuccess message should be displayed&amp#27;[0m                &amp#27;[90m# org.example.stepDefs.D01_signUp.successMessageShouldBeDisplayed()&amp#27;[0m
]]></system-out>
    <system-err><![CDATA[SLF4J: Failed to load class "org.slf4j.impl.StaticLoggerBinder".
SLF4J: Defaulting to no-operation (NOP) logger implementation
SLF4J: See http://www.slf4j.org/codes.html#StaticLoggerBinder for further details.
]]></system-err>
  </testcase>
  <testcase name="runScenario[&quot;user can use their email and password to login to their account&quot;, &quot;Login - testing that users can login successfully to their existing account&quot;](2)" classname="org.example.testRunner.runners" time="26.391">
    <system-out><![CDATA[
@regression @smoke
Scenario: user can use their email and password to login to their account &amp#27;[90m# src/main/resources/features/F02_login.feature:9&amp#27;[0m
  &amp#27;[32mGiven &amp#27;[0m&amp#27;[32muser clicks login button in header&amp#27;[0m                                &amp#27;[90m# org.example.stepDefs.D02_login.userClicksLoginButton()&amp#27;[0m
  &amp#27;[32mWhen &amp#27;[0m&amp#27;[32muser enters username &amp#27;[0m&amp#27;[32m&amp#27;[1m"alaa.wali7"&amp#27;[0m                                  &amp#27;[90m# org.example.stepDefs.D02_login.userFillsInUsername(java.lang.String)&amp#27;[0m
  &amp#27;[32mAnd &amp#27;[0m&amp#27;[32muser enters password &amp#27;[0m&amp#27;[32m&amp#27;[1m"P@ssword123"&amp#27;[0m                                  &amp#27;[90m# org.example.stepDefs.D02_login.userFillsInPassword(java.lang.String)&amp#27;[0m
  &amp#27;[32mAnd &amp#27;[0m&amp#27;[32muser clicks on login button&amp#27;[0m                                         &amp#27;[90m# org.example.stepDefs.D02_login.userClicksOnLoginButton()&amp#27;[0m
  &amp#27;[32mThen &amp#27;[0m&amp#27;[32maccount opens successfully&amp#27;[0m                                         &amp#27;[90m# org.example.stepDefs.D02_login.accountOpensSuccessfullyAndUserShouldBeAbleToUseTheirAccount()&amp#27;[0m
]]></system-out>
  </testcase>
  <testcase name="runScenario[&quot;Purchasing products successfully&quot;, &quot;user can add products to the cart&quot;](3)" classname="org.example.testRunner.runners" time="51.897">
    <system-out><![CDATA[
@regression @smoke
Scenario: Purchasing products successfully                                                                                 &amp#27;[90m# src/main/resources/features/F03_addProducts.feature:7&amp#27;[0m
  &amp#27;[32mGiven &amp#27;[0m&amp#27;[32muser clicks login button in header&amp#27;[0m                                                                                 &amp#27;[90m# org.example.stepDefs.D02_login.userClicksLoginButton()&amp#27;[0m
  &amp#27;[32mWhen &amp#27;[0m&amp#27;[32muser enters username &amp#27;[0m&amp#27;[32m&amp#27;[1m"alaa.wali7"&amp#27;[0m                                                                                   &amp#27;[90m# org.example.stepDefs.D02_login.userFillsInUsername(java.lang.String)&amp#27;[0m
  &amp#27;[32mAnd &amp#27;[0m&amp#27;[32muser enters password &amp#27;[0m&amp#27;[32m&amp#27;[1m"P@ssword123"&amp#27;[0m                                                                                   &amp#27;[90m# org.example.stepDefs.D02_login.userFillsInPassword(java.lang.String)&amp#27;[0m
  &amp#27;[32mAnd &amp#27;[0m&amp#27;[32muser clicks on login button&amp#27;[0m                                                                                          &amp#27;[90m# org.example.stepDefs.D02_login.userClicksOnLoginButton()&amp#27;[0m
  &amp#27;[32mThen &amp#27;[0m&amp#27;[32maccount opens successfully&amp#27;[0m                                                                                          &amp#27;[90m# org.example.stepDefs.D02_login.accountOpensSuccessfullyAndUserShouldBeAbleToUseTheirAccount()&amp#27;[0m
  &amp#27;[32mGiven &amp#27;[0m&amp#27;[32muser clicks on Laptops in categories list&amp#27;[0m                                                                          &amp#27;[90m# org.example.stepDefs.D03_addProducts.clickOnLaptops()&amp#27;[0m
  &amp#27;[32mWhen &amp#27;[0m&amp#27;[32muser chooses product &amp#27;[0m&amp#27;[32m&amp#27;[1m1&amp#27;[0m                                                                                              &amp#27;[90m# org.example.stepDefs.D03_addProducts.userChoosesProduct(int)&amp#27;[0m
  &amp#27;[32mAnd &amp#27;[0m&amp#27;[32muser clicks on add to cart&amp#27;[0m                                                                                           &amp#27;[90m# org.example.stepDefs.D03_addProducts.userClicksOnAddToCart()&amp#27;[0m
  &amp#27;[32mThen &amp#27;[0m&amp#27;[32mproduct is successfully added to cart&amp#27;[0m                                                                               &amp#27;[90m# org.example.stepDefs.D03_addProducts.productIsSuccessfullyAddedToCart()&amp#27;[0m
  &amp#27;[32mGiven &amp#27;[0m&amp#27;[32muser goes to home page&amp#27;[0m                                                                                             &amp#27;[90m# org.example.stepDefs.D03_addProducts.userGoesToHomePage()&amp#27;[0m
  &amp#27;[32mAnd &amp#27;[0m&amp#27;[32muser clicks on Laptops in categories list&amp#27;[0m                                                                            &amp#27;[90m# org.example.stepDefs.D03_addProducts.clickOnLaptops()&amp#27;[0m
  &amp#27;[32mWhen &amp#27;[0m&amp#27;[32muser chooses product &amp#27;[0m&amp#27;[32m&amp#27;[1m2&amp#27;[0m                                                                                              &amp#27;[90m# org.example.stepDefs.D03_addProducts.userChoosesProduct(int)&amp#27;[0m
  &amp#27;[32mAnd &amp#27;[0m&amp#27;[32muser clicks on add to cart&amp#27;[0m                                                                                           &amp#27;[90m# org.example.stepDefs.D03_addProducts.userClicksOnAddToCart()&amp#27;[0m
  &amp#27;[32mThen &amp#27;[0m&amp#27;[32mproduct is successfully added to cart&amp#27;[0m                                                                               &amp#27;[90m# org.example.stepDefs.D03_addProducts.productIsSuccessfullyAddedToCart()&amp#27;[0m
  &amp#27;[32mGiven &amp#27;[0m&amp#27;[32muser clicks on cart button in header&amp#27;[0m                                                                               &amp#27;[90m# org.example.stepDefs.D03_addProducts.userClicksOnCartButtonInHeader()&amp#27;[0m
Total Products Price Sum is 1580.0
  &amp#27;[32mThen &amp#27;[0m&amp#27;[32muser finds both products displayed in the cart with respective titles and prices&amp#27;[0m                                    &amp#27;[90m# org.example.stepDefs.D03_addProducts.userFindsBothProductsDisplayed()&amp#27;[0m
Total in Cart is 1580.0
  &amp#27;[32mAnd &amp#27;[0m&amp#27;[32mtotal amount is calculated correctly&amp#27;[0m                                                                                 &amp#27;[90m# org.example.stepDefs.D03_addProducts.totalAmountIsCalculatedCorrectly()&amp#27;[0m
  &amp#27;[32mWhen &amp#27;[0m&amp#27;[32muser clicks on place order button&amp#27;[0m                                                                                   &amp#27;[90m# org.example.stepDefs.D03_addProducts.userClicksOnPlaceOrderButton()&amp#27;[0m
Total in Place Order Page is 1580.0
  &amp#27;[32mThen &amp#27;[0m&amp#27;[32mtotal amount is calculated correctly on the place order page&amp#27;[0m                                                        &amp#27;[90m# org.example.stepDefs.D03_addProducts.totalAmountIsCalculatedCorrectlyOnThePlaceOrderPage()&amp#27;[0m
  &amp#27;[32mWhen &amp#27;[0m&amp#27;[32muser fills out name &amp#27;[0m&amp#27;[32m&amp#27;[1m"Alaa"&amp#27;[0m&amp#27;[32m, country &amp#27;[0m&amp#27;[32m&amp#27;[1m"Egypt"&amp#27;[0m&amp#27;[32m, city &amp#27;[0m&amp#27;[32m&amp#27;[1m"Giza"&amp#27;[0m&amp#27;[32m, credit card number &amp#27;[0m&amp#27;[32m&amp#27;[1m"1234567890"&amp#27;[0m&amp#27;[32m, month &amp#27;[0m&amp#27;[32m&amp#27;[1m"03"&amp#27;[0m&amp#27;[32m and year &amp#27;[0m&amp#27;[32m&amp#27;[1m"27"&amp#27;[0m &amp#27;[90m# org.example.stepDefs.D03_addProducts.userFillsOutNameCountryCityCreditCardNumberMonthAndYear(java.lang.String,java.lang.String,java.lang.String,java.lang.String,java.lang.String,java.lang.String)&amp#27;[0m
  &amp#27;[32mAnd &amp#27;[0m&amp#27;[32muser clicks on purchase button&amp#27;[0m                                                                                       &amp#27;[90m# org.example.stepDefs.D03_addProducts.userClicksOnPurchaseButton()&amp#27;[0m
  &amp#27;[32mThen &amp#27;[0m&amp#27;[32morder is placed successfully and a success message is displayed&amp#27;[0m                                                     &amp#27;[90m# org.example.stepDefs.D03_addProducts.orderIsPlacedSuccessfullyAndASuccessMessageIsDisplayed()&amp#27;[0m
]]></system-out>
  </testcase>
</testsuite>