<?xml version="1.0" encoding="UTF-8"?>
<testng-results ignored="0" total="3" passed="3" failed="0" skipped="0">
  <reporter-output>
  </reporter-output>
  <suite started-at="2024-12-16T20:29:15 EET" name="Surefire suite" finished-at="2024-12-16T20:31:11 EET" duration-ms="115526">
    <groups>
      <group name="cucumber">
        <method signature="AbstractTestNGCucumberTests.runScenario(io.cucumber.testng.PickleWrapper,io.cucumber.testng.FeatureWrapper)[pri:0, instance:org.example.testRunner.runners@9225652]" name="runScenario" class="io.cucumber.testng.AbstractTestNGCucumberTests"/>
      </group> <!-- cucumber -->
    </groups>
    <test started-at="2024-12-16T20:29:15 EET" name="Surefire test" finished-at="2024-12-16T20:31:11 EET" duration-ms="115526">
      <class name="org.example.testRunner.runners">
        <test-method is-config="true" signature="setUpClass(org.testng.ITestContext)[pri:0, instance:org.example.testRunner.runners@9225652]" started-at="2024-12-16T20:29:15 EET" name="setUpClass" finished-at="2024-12-16T20:29:16 EET" duration-ms="1106" status="PASS">
          <params>
            <param index="0">
              <value>
                <![CDATA[org.testng.TestRunner@432f521f]]>
              </value>
            </param>
          </params>
          <reporter-output>
          </reporter-output>
        </test-method> <!-- setUpClass -->
        <test-method signature="runScenario(io.cucumber.testng.PickleWrapper,io.cucumber.testng.FeatureWrapper)[pri:0, instance:org.example.testRunner.runners@9225652]" started-at="2024-12-16T20:29:16 EET" name="runScenario" description="Runs Cucumber Scenarios" data-provider="scenarios" finished-at="2024-12-16T20:29:52 EET" duration-ms="35742" status="PASS">
          <params>
            <param index="0">
              <value>
                <![CDATA["user can sign up using valid email and password"]]>
              </value>
            </param>
            <param index="1">
              <value>
                <![CDATA["Sign Up - testing that users can sign up successfully"]]>
              </value>
            </param>
          </params>
          <reporter-output>
          </reporter-output>
        </test-method> <!-- runScenario -->
        <test-method signature="runScenario(io.cucumber.testng.PickleWrapper,io.cucumber.testng.FeatureWrapper)[pri:0, instance:org.example.testRunner.runners@9225652]" started-at="2024-12-16T20:29:52 EET" name="runScenario" description="Runs Cucumber Scenarios" data-provider="scenarios" finished-at="2024-12-16T20:30:18 EET" duration-ms="26392" status="PASS">
          <params>
            <param index="0">
              <value>
                <![CDATA["user can use their email and password to login to their account"]]>
              </value>
            </param>
            <param index="1">
              <value>
                <![CDATA["Login - testing that users can login successfully to their existing account"]]>
              </value>
            </param>
          </params>
          <reporter-output>
          </reporter-output>
        </test-method> <!-- runScenario -->
        <test-method signature="runScenario(io.cucumber.testng.PickleWrapper,io.cucumber.testng.FeatureWrapper)[pri:0, instance:org.example.testRunner.runners@9225652]" started-at="2024-12-16T20:30:18 EET" name="runScenario" description="Runs Cucumber Scenarios" data-provider="scenarios" finished-at="2024-12-16T20:31:10 EET" duration-ms="51897" status="PASS">
          <params>
            <param index="0">
              <value>
                <![CDATA["Purchasing products successfully"]]>
              </value>
            </param>
            <param index="1">
              <value>
                <![CDATA["user can add products to the cart"]]>
              </value>
            </param>
          </params>
          <reporter-output>
          </reporter-output>
        </test-method> <!-- runScenario -->
        <test-method is-config="true" signature="tearDownClass()[pri:0, instance:org.example.testRunner.runners@9225652]" started-at="2024-12-16T20:31:10 EET" name="tearDownClass" finished-at="2024-12-16T20:31:11 EET" duration-ms="329" status="PASS">
          <reporter-output>
          </reporter-output>
        </test-method> <!-- tearDownClass -->
      </class> <!-- org.example.testRunner.runners -->
    </test> <!-- Surefire test -->
  </suite> <!-- Surefire suite -->
</testng-results>
